Mplus VERSION 8.4 (Linux)
MUTHEN & MUTHEN
05/03/2021   9:10 AM

INPUT INSTRUCTIONS

  TITLE:	Mixed-effects meta-analysis

  ! Read the dataset
  DATA:	FILE IS Stadler15.dat;

  ! Variable names in the dataset
  ! ID: Level 2 label
  ! Study: Level 3 label
  ! r: effect size (correlation)
  ! v: known sampling variance of r
  ! GenInt: Dummy code for Intelligence Measure (General Intelligence)
  ! Reason: Dummy code for Intelligence Measure (Reasoning)
  VARIABLE: NAMES ID Study r v GenInt Reason;

          USEVARIABLES ARE r GenInt;

  		! Known sampling variance
  		CONSTRAINT ARE v

  MODEL:
  		! Define a latent variable to represent the true effect size
  		f BY r;
  		
  		! Estimate the intercept effect
  		[f*];

  		! Estimate the effect of GenInt on f
  		f ON GenInt;

  		! Fix the observed mean at 0
  		[r@0];

  		! Known sampling variance
  		r (L1);

  		MODEL CONSTRAINT:
  		L1 = v;



INPUT READING TERMINATED NORMALLY



Mixed-effects meta-analysis

SUMMARY OF ANALYSIS

Number of groups                                                 1
Number of observations                                          60

Number of dependent variables                                    1
Number of independent variables                                  1
Number of continuous latent variables                            1

Observed dependent variables

  Continuous
   R

Observed independent variables
   GENINT

Continuous latent variables
   F


Estimator                                                       ML
Information matrix                                        OBSERVED
Maximum number of iterations                                  1000
Convergence criterion                                    0.500D-04
Maximum number of steepest descent iterations                   20

Input data file(s)
  Stadler15.dat

Input data format  FREE



UNIVARIATE SAMPLE STATISTICS


     UNIVARIATE HIGHER-ORDER MOMENT DESCRIPTIVE STATISTICS

         Variable/         Mean/     Skewness/   Minimum/ % with                Percentiles
        Sample Size      Variance    Kurtosis    Maximum  Min/Max      20%/60%    40%/80%    Median

     R                     0.386      -0.318      -0.300    1.67%       0.190      0.330      0.390
              60.000       0.060      -0.024       0.860    1.67%       0.460      0.590
     GENINT                0.350       0.629       0.000   65.00%       0.000      0.000      0.000
              60.000       0.227      -1.604       1.000   35.00%       0.000      1.000
     V                     0.015       1.314       0.000    1.67%       0.002      0.005      0.011
              60.000       0.000       0.954       0.063    1.67%       0.013      0.025


THE MODEL ESTIMATION TERMINATED NORMALLY



MODEL FIT INFORMATION

Number of Free Parameters                        3

Loglikelihood

          H0 Value                           3.151

Information Criteria

          Akaike (AIC)                      -0.301
          Bayesian (BIC)                     5.982
          Sample-Size Adjusted BIC          -3.454
            (n* = (n + 2) / 24)



MODEL RESULTS

                                                    Two-Tailed
                    Estimate       S.E.  Est./S.E.    P-Value

 F        BY
    R                  1.000      0.000    999.000    999.000

 F        ON
    GENINT            -0.128      0.061     -2.116      0.034

 Intercepts
    R                  0.000      0.000    999.000    999.000
    F                  0.467      0.036     13.068      0.000

 Residual Variances
    R                999.000      0.000    999.000    999.000
    F                  0.038      0.009      4.209      0.000


QUALITY OF NUMERICAL RESULTS

     Condition Number for the Information Matrix              0.772E-04
       (ratio of smallest to largest eigenvalue)


     Beginning Time:  09:10:12
        Ending Time:  09:10:12
       Elapsed Time:  00:00:00



MUTHEN & MUTHEN
3463 Stoner Ave.
Los Angeles, CA  90066

Tel: (310) 391-9971
Fax: (310) 391-8971
Web: www.StatModel.com
Support: Support@StatModel.com

Copyright (c) 1998-2019 Muthen & Muthen
