Mplus VERSION 8.4 (Linux)
MUTHEN & MUTHEN
05/03/2021   9:20 AM

INPUT INSTRUCTIONS

  TITLE:	Three-level mixed-effects meta-analysis

  ! Read the dataset
  DATA:	FILE IS Stadler15.dat;

  ! Variable names in the dataset
  ! ID: Level 2 label
  ! Study: Level 3 label
  ! r: effect size (correlation)
  ! v: known sampling variance of r
  ! GenInt: Dummy code for Intelligence Measure (General Intelligence)
  ! Reason: Dummy code for Intelligence Measure (Reasoning)
  VARIABLE: NAMES ID Study r v GenInt Reason;

          ! w2 is the square root of v
          USEVARIABLES ARE r GenInt Reason w2;
          ! Define level 2 and level 3
          CLUSTER = Study ID;
          WITHIN = r w2;
          ! Define level 3 variables
          BETWEEN = (ID) GenInt Reason;

          ! Transform the effect sizes.
          DEFINE: w2 = SQRT(v**(-1));
          r = w2*r;

  ! Use three-level modeling
  ! Activate random slope function
  ANALYSIS: TYPE=THREELEVEL RANDOM;
          ESTIMATOR = ML;

  MODEL:	%WITHIN%
          ! Mean and variance of the transformed variable are fixed
          [r@0.0];
          r@1.0;

          ! Define random slope
          f | r ON w2;

          ! Level 2 variance
          %BETWEEN ID%
          f*;

          ! No intercept for the categorical modeator
          [f@0.0];
          ! Add the moderators
  		f ON GenInt Reason;

          ! Level 3 variance
          %BETWEEN Study%
          f*;
          ! No intercept for the categorical modeator
          [f@0.0];



*** WARNING in MODEL command
  Variable on the left-hand side of an ON statement in a | statement is a
  WITHIN variable.  The intercept for this variable is not random.
  Variable:  R
   1 WARNING(S) FOUND IN THE INPUT INSTRUCTIONS



Three-level mixed-effects meta-analysis

SUMMARY OF ANALYSIS

Number of groups                                                 1
Number of observations                                          60

Number of dependent variables                                    1
Number of independent variables                                  3
Number of continuous latent variables                            1

Observed dependent variables

  Continuous
   R

Observed independent variables
   GENINT      REASON      W2

Continuous latent variables
   F

Variables with special functions

  Cluster variables     STUDY     ID

  Within variables
   R           W2

  Level 2 between variables
   GENINT      REASON


Estimator                                                       ML
Information matrix                                        OBSERVED
Maximum number of iterations                                   100
Convergence criterion                                    0.100D-05
Maximum number of EM iterations                                500
Convergence criteria for the EM algorithm
  Loglikelihood change                                   0.100D-02
  Relative loglikelihood change                          0.100D-05
  Derivative                                             0.100D-03
Minimum variance                                         0.100D-03
Maximum number of steepest descent iterations                   20
Maximum number of iterations for H1                           2000
Convergence criterion for H1                             0.100D-02
Optimization algorithm                                         EMA

Input data file(s)
  Stadler15.dat
Input data format  FREE


SUMMARY OF DATA

     Number of ID clusters                      60
     Number of STUDY clusters                   44



UNIVARIATE SAMPLE STATISTICS


     UNIVARIATE HIGHER-ORDER MOMENT DESCRIPTIVE STATISTICS

         Variable/         Mean/     Skewness/   Minimum/ % with                Percentiles
        Sample Size      Variance    Kurtosis    Maximum  Min/Max      20%/60%    40%/80%    Median

     R                     9.555       2.689      -1.234    1.67%       1.425      2.760      3.769
              60.000     212.394       7.580      72.912    1.67%       5.428     13.103
     GENINT                0.350       0.629       0.000   65.00%       0.000      0.000      0.000
              60.000       0.227      -1.604       1.000   35.00%       0.000      1.000
     REASON                0.650      -0.629       0.000   35.00%       0.000      1.000      1.000
              60.000       0.227      -1.604       1.000   65.00%       1.000      1.000
     W2                   17.860       2.504       3.991    1.67%       6.187      8.616      9.714
              60.000     353.168       6.858     100.071    1.67%      14.408     23.429


THE MODEL ESTIMATION TERMINATED NORMALLY



MODEL FIT INFORMATION

Number of Free Parameters                        4

Loglikelihood

          H0 Value                        -146.199

Information Criteria

          Akaike (AIC)                     300.398
          Bayesian (BIC)                   308.775
          Sample-Size Adjusted BIC         296.194
            (n* = (n + 2) / 24)



MODEL RESULTS

                                                    Two-Tailed
                    Estimate       S.E.  Est./S.E.    P-Value

Within Level

 Intercepts
    R                  0.000      0.000    999.000    999.000

 Residual Variances
    R                  1.000      0.000    999.000    999.000

Between ID Level

 F          ON
    GENINT             0.351      0.050      7.005      0.000
    REASON             0.484      0.038     12.811      0.000

 Intercepts
    F                  0.000      0.000    999.000    999.000

 Residual Variances
    F                  0.018      0.010      1.839      0.066

Between STUDY Level

 Means
    F                  0.000      0.000    999.000    999.000

 Variances
    F                  0.019      0.010      1.876      0.061


QUALITY OF NUMERICAL RESULTS

     Condition Number for the Information Matrix              0.129E-01
       (ratio of smallest to largest eigenvalue)


     Beginning Time:  09:20:34
        Ending Time:  09:20:34
       Elapsed Time:  00:00:00



MUTHEN & MUTHEN
3463 Stoner Ave.
Los Angeles, CA  90066

Tel: (310) 391-9971
Fax: (310) 391-8971
Web: www.StatModel.com
Support: Support@StatModel.com

Copyright (c) 1998-2019 Muthen & Muthen
