Mplus VERSION 7.31 (Linux)
MUTHEN & MUTHEN
10/31/2015   8:40 PM

INPUT INSTRUCTIONS

  TITLE:	Fixed-effects model: Missing data on the covariate (listwise deletion)
  DATA:	FILE IS hox_miss.txt;
  	LISTWISE = ON;			! Use listwise deletion	
  VARIABLE: NAMES d varofd inter weeks;
  	USEVARIABLES ARE d inter weeks;
  	MISSING ARE ALL (999);		! Define missing values
  DEFINE: w2 = SQRT(varofd**(-1));	
  	d = w2*d;
  	inter = w2*inter;
  	weeks = w2*weeks;		! Transformed weeks
  MODEL:			
  	d ON inter weeks;
  	[d@0.0];			! Intercept is fixed at 0
  	d@1.0;				! Error variance is fixed at 1
  OUTPUT: SAMPSTAT;



INPUT READING TERMINATED NORMALLY



Fixed-effects model: Missing data on the covariate (listwise deletion)

SUMMARY OF ANALYSIS

Number of groups                                                 1
Number of observations                                          15

Number of dependent variables                                    1
Number of independent variables                                  2
Number of continuous latent variables                            0

Observed dependent variables

  Continuous
   D

Observed independent variables
   INTER       WEEKS


Estimator                                                       ML
Information matrix                                        OBSERVED
Maximum number of iterations                                  1000
Convergence criterion                                    0.500D-04
Maximum number of steepest descent iterations                   20

Input data file(s)
  hox_miss.txt

Input data format  FREE


SAMPLE STATISTICS


     SAMPLE STATISTICS


           Means
              D             INTER         WEEKS
              ________      ________      ________
      1         2.158         3.482        20.809


           Covariances
              D             INTER         WEEKS
              ________      ________      ________
 D              2.273
 INTER         -0.274         0.229
 WEEKS          5.539         0.370        47.246


           Correlations
              D             INTER         WEEKS
              ________      ________      ________
 D              1.000
 INTER         -0.380         1.000
 WEEKS          0.534         0.113         1.000


UNIVARIATE SAMPLE STATISTICS


     UNIVARIATE HIGHER-ORDER MOMENT DESCRIPTIVE STATISTICS

         Variable/         Mean/     Skewness/   Minimum/ % with                Percentiles
        Sample Size      Variance    Kurtosis    Maximum  Min/Max      20%/60%    40%/80%    Median

     D                     2.158       0.093      -0.900    6.67%       0.708      1.426      2.002
              15.000       2.273      -0.289       4.911    6.67%       2.570      3.090
     INTER                 3.482       0.687       2.663    6.67%       3.116      3.279      3.410
              15.000       0.229      -0.243       4.428    6.67%       3.450      3.581
     WEEKS                20.809      -0.112       8.528    6.67%      13.801     18.091     20.342
              15.000      47.246      -1.018      30.997    6.67%      21.483     28.460


THE MODEL ESTIMATION TERMINATED NORMALLY



MODEL FIT INFORMATION

Number of Free Parameters                        2

Loglikelihood

          H0 Value                         -25.063
          H1 Value                         -22.512

Information Criteria

          Akaike (AIC)                      54.125
          Bayesian (BIC)                    55.542
          Sample-Size Adjusted BIC          49.436
            (n* = (n + 2) / 24)

Chi-Square Test of Model Fit

          Value                              5.102
          Degrees of Freedom                     2
          P-Value                           0.0780

RMSEA (Root Mean Square Error Of Approximation)

          Estimate                           0.322
          90 Percent C.I.                    0.000  0.681
          Probability RMSEA <= .05           0.086

CFI/TLI

          CFI                                0.606
          TLI                                0.606

Chi-Square Test of Model Fit for the Baseline Model

          Value                              9.864
          Degrees of Freedom                     2
          P-Value                           0.0072

SRMR (Standardized Root Mean Square Residual)

          Value                              0.136



MODEL RESULTS

                                                    Two-Tailed
                    Estimate       S.E.  Est./S.E.    P-Value

 D        ON
    INTER             -0.313      0.226     -1.385      0.166
    WEEKS              0.152      0.036      4.212      0.000

 Intercepts
    D                  0.000      0.000    999.000    999.000

 Residual Variances
    D                  1.000      0.000    999.000    999.000


QUALITY OF NUMERICAL RESULTS

     Condition Number for the Information Matrix              0.260E-02
       (ratio of smallest to largest eigenvalue)


     Beginning Time:  20:40:10
        Ending Time:  20:40:10
       Elapsed Time:  00:00:00



MUTHEN & MUTHEN
3463 Stoner Ave.
Los Angeles, CA  90066

Tel: (310) 391-9971
Fax: (310) 391-8971
Web: www.StatModel.com
Support: Support@StatModel.com

Copyright (c) 1998-2015 Muthen & Muthen
