Mplus VERSION 7.31 (Linux)
MUTHEN & MUTHEN
10/31/2015   8:40 PM

INPUT INSTRUCTIONS

  TITLE: Random-effects model (with ML method): An intercept model
  DATA:	FILE IS hox.txt;	
  VARIABLE: NAMES d varofd inter weeks;
  	USEVARIABLES ARE d inter;
  DEFINE: w2 = SQRT(varofd**(-1));
  	d = w2*d;
  	inter = w2*inter;
  ANALYSIS: TYPE=RANDOM;			! Use random slope analysis
  MODEL:	
  	[d@0.0];			! Intercept is fixed at 0
  	d@1.0; 				! Error variance is fixed at 1
  	u | d ON inter;			! u: random effects
     	u*;				! var(u): tau^2
     	[u*];				! mean(u): weighted effect size
  OUTPUT: SAMPSTAT;




INPUT READING TERMINATED NORMALLY



Random-effects model (with ML method): An intercept model

SUMMARY OF ANALYSIS

Number of groups                                                 1
Number of observations                                          20

Number of dependent variables                                    1
Number of independent variables                                  1
Number of continuous latent variables                            1

Observed dependent variables

  Continuous
   D

Observed independent variables
   INTER

Continuous latent variables
   U


Estimator                                                      MLR
Information matrix                                        OBSERVED
Maximum number of iterations                                   100
Convergence criterion                                    0.100D-05
Maximum number of EM iterations                                500
Convergence criteria for the EM algorithm
  Loglikelihood change                                   0.100D-02
  Relative loglikelihood change                          0.100D-05
  Derivative                                             0.100D-03
Minimum variance                                         0.100D-03
Maximum number of steepest descent iterations                   20
Optimization algorithm                                         EMA

Input data file(s)
  hox.txt
Input data format  FREE


SAMPLE STATISTICS


     ESTIMATED SAMPLE STATISTICS


           Means
              D             INTER
              ________      ________
 1              1.957         3.407


           Covariances
              D             INTER
              ________      ________
 D              2.234
 INTER         -0.154         0.230


           Correlations
              D             INTER
              ________      ________
 D              1.000
 INTER         -0.214         1.000


UNIVARIATE SAMPLE STATISTICS


     UNIVARIATE HIGHER-ORDER MOMENT DESCRIPTIVE STATISTICS

         Variable/         Mean/     Skewness/   Minimum/ % with                Percentiles
        Sample Size      Variance    Kurtosis    Maximum  Min/Max      20%/60%    40%/80%    Median

     D                     1.957       0.086      -0.900    5.00%       0.708      1.368      1.982
              20.000       2.234      -0.242       4.911    5.00%       2.570      2.873
     INTER                 3.407       0.582       2.591    5.00%       3.015      3.244      3.400
              20.000       0.230      -0.061       4.428    5.00%       3.450      3.581


THE MODEL ESTIMATION TERMINATED NORMALLY



MODEL FIT INFORMATION

Number of Free Parameters                        2

Loglikelihood

          H0 Value                         -38.221
          H0 Scaling Correction Factor      1.0605
            for MLR

Information Criteria

          Akaike (AIC)                      80.441
          Bayesian (BIC)                    82.433
          Sample-Size Adjusted BIC          76.267
            (n* = (n + 2) / 24)



MODEL RESULTS

                                                    Two-Tailed
                    Estimate       S.E.  Est./S.E.    P-Value

 Means
    U                  0.579      0.107      5.406      0.000

 Intercepts
    D                  0.000      0.000    999.000    999.000

 Variances
    U                  0.132      0.078      1.689      0.091

 Residual Variances
    D                  1.000      0.000    999.000    999.000


QUALITY OF NUMERICAL RESULTS

     Condition Number for the Information Matrix              0.395E+00
       (ratio of smallest to largest eigenvalue)


     Beginning Time:  20:40:13
        Ending Time:  20:40:13
       Elapsed Time:  00:00:00



MUTHEN & MUTHEN
3463 Stoner Ave.
Los Angeles, CA  90066

Tel: (310) 391-9971
Fax: (310) 391-8971
Web: www.StatModel.com
Support: Support@StatModel.com

Copyright (c) 1998-2015 Muthen & Muthen
