Mplus VERSION 7.31 (Linux)
MUTHEN & MUTHEN
10/31/2015   8:40 PM

INPUT INSTRUCTIONS

  TITLE: Fixed-effects model: An intercept model with Q statistic and heterogeneity indices
  ! Bootstrap approach
  DATA:	FILE IS hox.txt;
  VARIABLE: NAMES d varofd inter weeks;
  	USEVARIABLES ARE d inter;
  DEFINE: w2 = SQRT(varofd**(-1));
  	d = w2*d;
  	inter = w2*inter;
  ANALYSIS: BOOTSTRAP=2000;		! Use bootstrap analysis
  MODEL:			
  	d ON inter;
  	[d@0.0];			! Intercept is fixed at 0
  	d (p1);				! Estimated error variance
  MODEL CONSTRAINT:
  	NEW(Q_stat H2_stat I2_stat);
  	Q_stat = 20*p1;			! Q statistic
  	H2_stat = Q_stat/19;		! H2 index
  	I2_stat = 1-19/Q_stat;		! I2 index
  OUTPUT: SAMPSTAT;
  	CINTERVAL(BCBOOTSTRAP);		! Bias-corrected bootstrap CI



INPUT READING TERMINATED NORMALLY



Fixed-effects model: An intercept model with Q statistic and heterogeneity indices

SUMMARY OF ANALYSIS

Number of groups                                                 1
Number of observations                                          20

Number of dependent variables                                    1
Number of independent variables                                  1
Number of continuous latent variables                            0

Observed dependent variables

  Continuous
   D

Observed independent variables
   INTER


Estimator                                                       ML
Information matrix                                        OBSERVED
Maximum number of iterations                                  1000
Convergence criterion                                    0.500D-04
Maximum number of steepest descent iterations                   20
Number of bootstrap draws
    Requested                                                 2000
    Completed                                                 2000

Input data file(s)
  hox.txt

Input data format  FREE


SAMPLE STATISTICS


     SAMPLE STATISTICS


           Means
              D             INTER
              ________      ________
      1         1.957         3.407


           Covariances
              D             INTER
              ________      ________
 D              2.234
 INTER         -0.154         0.230


           Correlations
              D             INTER
              ________      ________
 D              1.000
 INTER         -0.214         1.000


UNIVARIATE SAMPLE STATISTICS


     UNIVARIATE HIGHER-ORDER MOMENT DESCRIPTIVE STATISTICS

         Variable/         Mean/     Skewness/   Minimum/ % with                Percentiles
        Sample Size      Variance    Kurtosis    Maximum  Min/Max      20%/60%    40%/80%    Median

     D                     1.957       0.086      -0.900    5.00%       0.708      1.368      1.982
              20.000       2.234      -0.242       4.911    5.00%       2.570      2.873
     INTER                 3.407       0.582       2.591    5.00%       3.015      3.244      3.400
              20.000       0.230      -0.061       4.428    5.00%       3.450      3.581


THE MODEL ESTIMATION TERMINATED NORMALLY



MODEL FIT INFORMATION

Number of Free Parameters                        2

Loglikelihood

          H0 Value                         -37.458
          H1 Value                         -35.945

Information Criteria

          Akaike (AIC)                      78.917
          Bayesian (BIC)                    80.908
          Sample-Size Adjusted BIC          74.743
            (n* = (n + 2) / 24)

Chi-Square Test of Model Fit

          Value                              3.027
          Degrees of Freedom                     1
          P-Value                           0.0819

RMSEA (Root Mean Square Error Of Approximation)

          Estimate                           0.318
          90 Percent C.I.                    0.000  0.757
          Probability RMSEA <= .05           0.090

CFI/TLI

          CFI                                0.000
          TLI                                1.000

Chi-Square Test of Model Fit for the Baseline Model

          Value                              0.940
          Degrees of Freedom                     1
          P-Value                           0.3324

SRMR (Standardized Root Mean Square Residual)

          Value                              0.191



MODEL RESULTS

                                                    Two-Tailed
                    Estimate       S.E.  Est./S.E.    P-Value

 D        ON
    INTER              0.550      0.097      5.680      0.000

 Intercepts
    D                  0.000      0.000    999.000    999.000

 Residual Variances
    D                  2.479      0.724      3.426      0.001

New/Additional Parameters
    Q_STAT            49.585     14.471      3.426      0.001
    H2_STAT            2.610      0.762      3.426      0.001
    I2_STAT            0.617      0.175      3.524      0.000


CONFIDENCE INTERVALS OF MODEL RESULTS

                  Lower .5%  Lower 2.5%    Lower 5%    Estimate    Upper 5%  Upper 2.5%   Upper .5%

 D        ON
    INTER            0.327       0.380       0.405       0.550       0.721       0.753       0.834

 Intercepts
    D                0.000       0.000       0.000       0.000       0.000       0.000       0.000

 Residual Variances
    D                0.986       1.289       1.474       2.479       3.969       4.197       4.543

New/Additional Parameters
    Q_STAT          19.724      25.785      29.482      49.585      79.387      83.945      90.865
    H2_STAT          1.038       1.357       1.552       2.610       4.178       4.418       4.782
    I2_STAT          0.037       0.263       0.356       0.617       0.761       0.774       0.791


     Beginning Time:  20:40:10
        Ending Time:  20:40:11
       Elapsed Time:  00:00:01



MUTHEN & MUTHEN
3463 Stoner Ave.
Los Angeles, CA  90066

Tel: (310) 391-9971
Fax: (310) 391-8971
Web: www.StatModel.com
Support: Support@StatModel.com

Copyright (c) 1998-2015 Muthen & Muthen
