Mplus VERSION 7.4
MUTHEN & MUTHEN
02/20/2016   2:09 PM

INPUT INSTRUCTIONS

  TITLE:  Random-effects model
  DATA:   FILE IS data.dat;
  VARIABLE: NAMES y v x;
          USEVARIABLES ARE y w2;  ! Use both y and w2 in the analysis

  DEFINE: w2 = SQRT(v**(-1));     ! Weight for transformation
          y = w2*y;               ! Transformed effect size

  ANALYSIS:  TYPE=RANDOM;         ! Use random slopes analysis
             ESTIMATOR=ML;        ! Use ML estimation

  MODEL:
          [y@0.0];                ! Intercept fixed at 0
          y@1.0;                  ! Error variance fixed at 1
          f | y ON w2;            ! f: Study specific random effects
          f*;                     ! var(f): tau^2
          [f*];                   ! mean(f): Average effect size beta_R

  OUTPUT: SAMPSTAT;
          CINTERVAL(symmetric);   ! Wald CI



INPUT READING TERMINATED NORMALLY



Random-effects model

SUMMARY OF ANALYSIS

Number of groups                                                 1
Number of observations                                          50

Number of dependent variables                                    1
Number of independent variables                                  1
Number of continuous latent variables                            1

Observed dependent variables

  Continuous
   Y

Observed independent variables
   W2

Continuous latent variables
   F


Estimator                                                       ML
Information matrix                                        OBSERVED
Maximum number of iterations                                   100
Convergence criterion                                    0.100D-05
Maximum number of EM iterations                                500
Convergence criteria for the EM algorithm
  Loglikelihood change                                   0.100D-02
  Relative loglikelihood change                          0.100D-05
  Derivative                                             0.100D-03
Minimum variance                                         0.100D-03
Maximum number of steepest descent iterations                   20
Optimization algorithm                                         EMA

Input data file(s)
  data.dat
Input data format  FREE


SAMPLE STATISTICS


     ESTIMATED SAMPLE STATISTICS


           Means
              Y             W2
              ________      ________
 1             -3.568         4.881


           Covariances
              Y             W2
              ________      ________
 Y              1.497
 W2             0.092         0.157


           Correlations
              Y             W2
              ________      ________
 Y              1.000
 W2             0.190         1.000


UNIVARIATE SAMPLE STATISTICS


     UNIVARIATE HIGHER-ORDER MOMENT DESCRIPTIVE STATISTICS

         Variable/         Mean/     Skewness/   Minimum/ % with                Percentiles
        Sample Size      Variance    Kurtosis    Maximum  Min/Max      20%/60%    40%/80%    Median

     Y                    -3.568      -0.461      -6.819    2.00%      -4.377     -3.767     -3.399
              50.000       1.497       0.475      -1.134    2.00%      -3.282     -2.741
     W2                    4.881      -0.291       3.669    2.00%       4.623      4.784      4.891
              50.000       0.157       0.785       5.882    2.00%       4.933      5.206


THE MODEL ESTIMATION TERMINATED NORMALLY



MODEL FIT INFORMATION

Number of Free Parameters                        2

Loglikelihood

          H0 Value                         -85.606

Information Criteria

          Akaike (AIC)                     175.213
          Bayesian (BIC)                   179.037
          Sample-Size Adjusted BIC         172.759
            (n* = (n + 2) / 24)



MODEL RESULTS

                                                    Two-Tailed
                    Estimate       S.E.  Est./S.E.    P-Value

 Means
    F                 -0.729      0.037    -19.522      0.000

 Intercepts
    Y                  0.000      0.000    999.000    999.000

 Variances
    F                  0.027      0.015      1.842      0.065

 Residual Variances
    Y                  1.000      0.000    999.000    999.000


QUALITY OF NUMERICAL RESULTS

     Condition Number for the Information Matrix              0.858E-01
       (ratio of smallest to largest eigenvalue)


CONFIDENCE INTERVALS OF MODEL RESULTS

                  Lower .5%  Lower 2.5%    Lower 5%    Estimate    Upper 5%  Upper 2.5%   Upper .5%

 Means
    F               -0.825      -0.802      -0.790      -0.729      -0.667      -0.656      -0.633

 Intercepts
    Y                0.000       0.000       0.000       0.000       0.000       0.000       0.000

 Variances
    F               -0.011      -0.002       0.003       0.027       0.052       0.056       0.065

 Residual Variances
    Y                1.000       1.000       1.000       1.000       1.000       1.000       1.000


DIAGRAM INFORMATION

  Use View Diagram under the Diagram menu in the Mplus Editor to view the diagram.
  If running Mplus from the Mplus Diagrammer, the diagram opens automatically.

  Diagram output
    d:\dropbox\aaa\nerv paper\illustrations\mplus2.dgm

     Beginning Time:  14:09:42
        Ending Time:  14:09:42
       Elapsed Time:  00:00:00



MUTHEN & MUTHEN
3463 Stoner Ave.
Los Angeles, CA  90066

Tel: (310) 391-9971
Fax: (310) 391-8971
Web: www.StatModel.com
Support: Support@StatModel.com

Copyright (c) 1998-2015 Muthen & Muthen
