Mplus VERSION 7.4
MUTHEN & MUTHEN
02/20/2016   2:05 PM

INPUT INSTRUCTIONS

  TITLE:  Fixed-effects model
  DATA:   FILE IS data.dat;
  VARIABLE: NAMES y v x;
          USEVARIABLES ARE y w2;  ! Use both y and w2 in the analysis

  DEFINE: w2 = SQRT(v**(-1));     ! Weight for transformation
          y = w2*y;               ! Transformed effect size

  MODEL:
          [y@0.0];                ! Intercept fixed at 0
          y@1.0;                  ! Error variance fixed at 1
          y ON w2;                ! Common effect estimate beta_F

  OUTPUT: SAMPSTAT;
          CINTERVAL(symmetric);   ! Wald CI



INPUT READING TERMINATED NORMALLY



Fixed-effects model

SUMMARY OF ANALYSIS

Number of groups                                                 1
Number of observations                                          50

Number of dependent variables                                    1
Number of independent variables                                  1
Number of continuous latent variables                            0

Observed dependent variables

  Continuous
   Y

Observed independent variables
   W2


Estimator                                                       ML
Information matrix                                        OBSERVED
Maximum number of iterations                                  1000
Convergence criterion                                    0.500D-04
Maximum number of steepest descent iterations                   20

Input data file(s)
  data.dat

Input data format  FREE


SAMPLE STATISTICS


     SAMPLE STATISTICS


           Means
              Y             W2
              ________      ________
      1        -3.568         4.881


           Covariances
              Y             W2
              ________      ________
 Y              1.497
 W2             0.092         0.157


           Correlations
              Y             W2
              ________      ________
 Y              1.000
 W2             0.190         1.000


UNIVARIATE SAMPLE STATISTICS


     UNIVARIATE HIGHER-ORDER MOMENT DESCRIPTIVE STATISTICS

         Variable/         Mean/     Skewness/   Minimum/ % with                Percentiles
        Sample Size      Variance    Kurtosis    Maximum  Min/Max      20%/60%    40%/80%    Median

     Y                    -3.568      -0.461      -6.819    2.00%      -4.377     -3.767     -3.399
              50.000       1.497       0.475      -1.134    2.00%      -3.282     -2.741
     W2                    4.881      -0.291       3.669    2.00%       4.623      4.784      4.891
              50.000       0.157       0.785       5.882    2.00%       4.933      5.206


THE MODEL ESTIMATION TERMINATED NORMALLY



MODEL FIT INFORMATION

Number of Free Parameters                        1

Loglikelihood

          H0 Value                         -88.803
          H1 Value                         -80.122

Information Criteria

          Akaike (AIC)                     179.605
          Bayesian (BIC)                   181.517
          Sample-Size Adjusted BIC         178.379
            (n* = (n + 2) / 24)

Chi-Square Test of Model Fit

          Value                             17.362
          Degrees of Freedom                     2
          P-Value                           0.0002

RMSEA (Root Mean Square Error Of Approximation)

          Estimate                           0.392
          90 Percent C.I.                    0.236  0.571
          Probability RMSEA <= .05           0.000

CFI/TLI

          CFI                                0.000
          TLI                               -8.154

Chi-Square Test of Model Fit for the Baseline Model

          Value                              1.839
          Degrees of Freedom                     1
          P-Value                           0.1751

SRMR (Standardized Root Mean Square Residual)

          Value                              0.322



MODEL RESULTS

                                                    Two-Tailed
                    Estimate       S.E.  Est./S.E.    P-Value

 Y        ON
    W2                -0.722      0.029    -25.017      0.000

 Intercepts
    Y                  0.000      0.000    999.000    999.000

 Residual Variances
    Y                  1.000      0.000    999.000    999.000


QUALITY OF NUMERICAL RESULTS

     Condition Number for the Information Matrix              0.100E+01
       (ratio of smallest to largest eigenvalue)


CONFIDENCE INTERVALS OF MODEL RESULTS

                  Lower .5%  Lower 2.5%    Lower 5%    Estimate    Upper 5%  Upper 2.5%   Upper .5%

 Y        ON
    W2              -0.797      -0.779      -0.770      -0.722      -0.675      -0.666      -0.648

 Intercepts
    Y                0.000       0.000       0.000       0.000       0.000       0.000       0.000

 Residual Variances
    Y                1.000       1.000       1.000       1.000       1.000       1.000       1.000


DIAGRAM INFORMATION

  Use View Diagram under the Diagram menu in the Mplus Editor to view the diagram.
  If running Mplus from the Mplus Diagrammer, the diagram opens automatically.

  Diagram output
    d:\dropbox\aaa\nerv paper\illustrations\mplus1.dgm

     Beginning Time:  14:05:23
        Ending Time:  14:05:23
       Elapsed Time:  00:00:00



MUTHEN & MUTHEN
3463 Stoner Ave.
Los Angeles, CA  90066

Tel: (310) 391-9971
Fax: (310) 391-8971
Web: www.StatModel.com
Support: Support@StatModel.com

Copyright (c) 1998-2015 Muthen & Muthen
