Mplus VERSION 7.4
MUTHEN & MUTHEN
02/20/2016   2:13 PM

INPUT INSTRUCTIONS

  TITLE:  Mixed-effects model
  DATA:   FILE IS data.dat;
  VARIABLE: NAMES y v x;
          USEVARIABLES ARE y x w2;! Use all variables in the analysis

  DEFINE: w2 = SQRT(v**(-1));     ! Weight for transformation
          y = w2*y;               ! Transformed effect size

  ANALYSIS:  TYPE=RANDOM;         ! Use random slopes analysis
             ESTIMATOR=ML;        ! Use ML estimation

  MODEL:
          [y@0.0];                ! Intercept fixed at 0
          y@1.0;                  ! Error variance fixed at 1
          f | y ON w2;            ! f: Study specific random effects
          f*;                     ! var(f): residual tau^2
          [f*];                   ! Intercept: beta_0
          f ON x;                 ! beta_1

  OUTPUT: SAMPSTAT;
          CINTERVAL(symmetric);   ! Wald CI



INPUT READING TERMINATED NORMALLY



Mixed-effects model

SUMMARY OF ANALYSIS

Number of groups                                                 1
Number of observations                                          50

Number of dependent variables                                    1
Number of independent variables                                  2
Number of continuous latent variables                            1

Observed dependent variables

  Continuous
   Y

Observed independent variables
   X           W2

Continuous latent variables
   F


Estimator                                                       ML
Information matrix                                        OBSERVED
Maximum number of iterations                                   100
Convergence criterion                                    0.100D-05
Maximum number of EM iterations                                500
Convergence criteria for the EM algorithm
  Loglikelihood change                                   0.100D-02
  Relative loglikelihood change                          0.100D-05
  Derivative                                             0.100D-03
Minimum variance                                         0.100D-03
Maximum number of steepest descent iterations                   20
Optimization algorithm                                         EMA

Input data file(s)
  data.dat
Input data format  FREE


SAMPLE STATISTICS


     ESTIMATED SAMPLE STATISTICS


           Means
              Y             X             W2
              ________      ________      ________
 1             -3.568        40.216         4.881


           Covariances
              Y             X             W2
              ________      ________      ________
 Y              1.497
 X             -4.671       154.148
 W2             0.092        -1.199         0.157


           Correlations
              Y             X             W2
              ________      ________      ________
 Y              1.000
 X             -0.307         1.000
 W2             0.190        -0.244         1.000


UNIVARIATE SAMPLE STATISTICS


     UNIVARIATE HIGHER-ORDER MOMENT DESCRIPTIVE STATISTICS

         Variable/         Mean/     Skewness/   Minimum/ % with                Percentiles
        Sample Size      Variance    Kurtosis    Maximum  Min/Max      20%/60%    40%/80%    Median

     Y                    -3.568      -0.461      -6.819    2.00%      -4.377     -3.767     -3.399
              50.000       1.497       0.475      -1.134    2.00%      -3.282     -2.741
     X                    40.216       0.473      16.440    2.00%      30.100     34.550     39.490
              50.000     154.148      -0.191      71.840    2.00%      42.210     50.080
     W2                    4.881      -0.291       3.669    2.00%       4.623      4.784      4.891
              50.000       0.157       0.785       5.882    2.00%       4.933      5.206


THE MODEL ESTIMATION TERMINATED NORMALLY



MODEL FIT INFORMATION

Number of Free Parameters                        3

Loglikelihood

          H0 Value                         -82.693

Information Criteria

          Akaike (AIC)                     171.386
          Bayesian (BIC)                   177.122
          Sample-Size Adjusted BIC         167.706
            (n* = (n + 2) / 24)



MODEL RESULTS

                                                    Two-Tailed
                    Estimate       S.E.  Est./S.E.    P-Value

 F          ON
    X                 -0.007      0.003     -2.441      0.015

 Intercepts
    Y                  0.000      0.000    999.000    999.000
    F                 -0.444      0.121     -3.656      0.000

 Residual Variances
    Y                  1.000      0.000    999.000    999.000
    F                  0.021      0.013      1.620      0.105


QUALITY OF NUMERICAL RESULTS

     Condition Number for the Information Matrix              0.602E-02
       (ratio of smallest to largest eigenvalue)


CONFIDENCE INTERVALS OF MODEL RESULTS

                  Lower .5%  Lower 2.5%    Lower 5%    Estimate    Upper 5%  Upper 2.5%   Upper .5%

 F        ON
    X               -0.015      -0.013      -0.012      -0.007      -0.002      -0.001       0.000

 Intercepts
    Y                0.000       0.000       0.000       0.000       0.000       0.000       0.000
    F               -0.757      -0.682      -0.644      -0.444      -0.244      -0.206      -0.131

 Residual Variances
    Y                1.000       1.000       1.000       1.000       1.000       1.000       1.000
    F               -0.013      -0.004       0.000       0.021       0.043       0.047       0.056


DIAGRAM INFORMATION

  Use View Diagram under the Diagram menu in the Mplus Editor to view the diagram.
  If running Mplus from the Mplus Diagrammer, the diagram opens automatically.

  Diagram output
    d:\dropbox\aaa\nerv paper\illustrations\mplus3.dgm

     Beginning Time:  14:13:45
        Ending Time:  14:13:45
       Elapsed Time:  00:00:00



MUTHEN & MUTHEN
3463 Stoner Ave.
Los Angeles, CA  90066

Tel: (310) 391-9971
Fax: (310) 391-8971
Web: www.StatModel.com
Support: Support@StatModel.com

Copyright (c) 1998-2015 Muthen & Muthen
