Mplus VERSION 7.31 (Linux)
MUTHEN & MUTHEN
11/01/2015   9:22 AM

INPUT INSTRUCTIONS

  TITLE:	Mixed-effects model with equality constraints on the slopes
  DATA:	FILE IS wvs94.dat;	
  VARIABLE: NAMES Study y InterLS InterLC GNP;
  	USEVARIABLES ARE y InterLS InterLC GNP;
  	MISSING ARE *;
  	! Centering is fine in this example as there is no missing data
         	DEFINE: CENTER GNP (GRANDMEAN);
  	DEFINE: GNP=GNP/10000;
  ANALYSIS: TYPE=RANDOM;
  	ESTIMATOR=ML;		! Use ML method to calculate standard errors
  MODEL:
  	s_LS | y ON InterLS;
  	s_LC | y ON InterLC;
  	[y@0.0];			! Intercept of the effect size is fixed at 0.0
  	y@1.0				! Error variance is fixed at 1.0

  	s_LS*;				! t1,1 in the figure
  	s_LC*;				! t2,1 in the figure
  	s_LS WITH s_LC*;	! t2,2 in the figure
  	[s_LS*];			! b11 in the figure
  	[s_LC*];			! b21 in the figure
  	s_LS ON GNP (1);	! Regression coefficients are the same
  	s_LC ON GNP (1);

  OUTPUT: SAMPSTAT;
  	CINTERVAL(symmetric);



*** WARNING
  Data set contains cases with missing on x-variables.
  These cases were not included in the analysis.
  Number of cases with missing on x-variables:  10
   1 WARNING(S) FOUND IN THE INPUT INSTRUCTIONS



Mixed-effects model with equality constraints on the slopes

SUMMARY OF ANALYSIS

Number of groups                                                 1
Number of observations                                          74

Number of dependent variables                                    1
Number of independent variables                                  3
Number of continuous latent variables                            2

Observed dependent variables

  Continuous
   Y

Observed independent variables
   INTERLS     INTERLC     GNP

Continuous latent variables
   S_LS        S_LC

Variables with special functions

  Centering (GRANDMEAN)
   GNP


Estimator                                                       ML
Information matrix                                        OBSERVED
Maximum number of iterations                                   100
Convergence criterion                                    0.100D-05
Maximum number of EM iterations                                500
Convergence criteria for the EM algorithm
  Loglikelihood change                                   0.100D-02
  Relative loglikelihood change                          0.100D-05
  Derivative                                             0.100D-03
Minimum variance                                         0.100D-03
Maximum number of steepest descent iterations                   20
Maximum number of iterations for H1                           2000
Convergence criterion for H1                             0.100D-03
Optimization algorithm                                         EMA

Input data file(s)
  wvs94.dat
Input data format  FREE


SUMMARY OF DATA

     Number of missing data patterns             1


COVARIANCE COVERAGE OF DATA

Minimum covariance coverage value   0.100


     PROPORTION OF DATA PRESENT


           Covariance Coverage
              Y             INTERLS       INTERLC       GNP
              ________      ________      ________      ________
 Y              1.000
 INTERLS        1.000         1.000
 INTERLC        1.000         1.000         1.000
 GNP            1.000         1.000         1.000         1.000


SAMPLE STATISTICS


     ESTIMATED SAMPLE STATISTICS


           Means
              Y             INTERLS       INTERLC       GNP
              ________      ________      ________      ________
 1              0.458         9.775         5.486         0.000


           Covariances
              Y             INTERLS       INTERLC       GNP
              ________      ________      ________      ________
 Y              3.850
 INTERLS       -7.842       108.243
 INTERLC       11.319      -129.140       170.146
 GNP           -0.380        -0.043        -0.061         0.919


           Correlations
              Y             INTERLS       INTERLC       GNP
              ________      ________      ________      ________
 Y              1.000
 INTERLS       -0.384         1.000
 INTERLC        0.442        -0.952         1.000
 GNP           -0.202        -0.004        -0.005         1.000


     MAXIMUM LOG-LIKELIHOOD VALUE FOR THE UNRESTRICTED (H1) MODEL IS -732.259


UNIVARIATE SAMPLE STATISTICS


     UNIVARIATE HIGHER-ORDER MOMENT DESCRIPTIVE STATISTICS

         Variable/         Mean/     Skewness/   Minimum/ % with                Percentiles
        Sample Size      Variance    Kurtosis    Maximum  Min/Max      20%/60%    40%/80%    Median

     Y                     0.458       0.356      -3.948    1.35%      -1.016     -0.189      0.162
              74.000       3.850       0.145       5.284    1.35%       0.641      1.757
     INTERLS               9.775       0.389       0.000   50.00%       0.000      0.000      4.571
              74.000     108.243      -1.256      35.882    1.35%      16.206     18.517
     INTERLC               5.486       0.071     -16.011    1.35%      -7.290     -4.558      4.302
              74.000     170.146      -1.577      31.616    1.35%      15.408     17.412
     GNP                   0.000       0.470      -1.061    2.70%      -0.865     -0.776     -0.600
              74.000       0.919      -1.229       2.178    2.70%       0.464      1.089


THE MODEL ESTIMATION TERMINATED NORMALLY



MODEL FIT INFORMATION

Number of Free Parameters                        6

Loglikelihood

          H0 Value                        -140.467

Information Criteria

          Akaike (AIC)                     292.935
          Bayesian (BIC)                   306.759
          Sample-Size Adjusted BIC         287.851
            (n* = (n + 2) / 24)



MODEL RESULTS

                                                    Two-Tailed
                    Estimate       S.E.  Est./S.E.    P-Value

 S_LS       ON
    GNP               -0.027      0.014     -1.886      0.059

 S_LC       ON
    GNP               -0.027      0.014     -1.886      0.059

 S_LS     WITH
    S_LC               0.007      0.008      0.949      0.342

 Intercepts
    Y                  0.000      0.000    999.000    999.000
    S_LS               0.006      0.016      0.416      0.677
    S_LC               0.068      0.018      3.864      0.000

 Residual Variances
    Y                  1.000      0.000    999.000    999.000
    S_LS               0.007      0.005      1.313      0.189
    S_LC               0.008      0.003      2.929      0.003


QUALITY OF NUMERICAL RESULTS

     Condition Number for the Information Matrix              0.172E-02
       (ratio of smallest to largest eigenvalue)


CONFIDENCE INTERVALS OF MODEL RESULTS

                  Lower .5%  Lower 2.5%    Lower 5%    Estimate    Upper 5%  Upper 2.5%   Upper .5%

 S_LS     ON
    GNP             -0.063      -0.055      -0.050      -0.027      -0.003       0.001       0.010

 S_LC     ON
    GNP             -0.063      -0.055      -0.050      -0.027      -0.003       0.001       0.010

 S_LS     WITH
    S_LC            -0.013      -0.008      -0.005       0.007       0.020       0.022       0.027

 Intercepts
    Y                0.000       0.000       0.000       0.000       0.000       0.000       0.000
    S_LS            -0.033      -0.024      -0.019       0.006       0.032       0.037       0.046
    S_LC             0.023       0.033       0.039       0.068       0.097       0.102       0.113

 Residual Variances
    Y                1.000       1.000       1.000       1.000       1.000       1.000       1.000
    S_LS            -0.007      -0.003      -0.002       0.007       0.016       0.018       0.021
    S_LC             0.001       0.003       0.004       0.008       0.013       0.013       0.015


     Beginning Time:  09:22:08
        Ending Time:  09:22:09
       Elapsed Time:  00:00:01



MUTHEN & MUTHEN
3463 Stoner Ave.
Los Angeles, CA  90066

Tel: (310) 391-9971
Fax: (310) 391-8971
Web: www.StatModel.com
Support: Support@StatModel.com

Copyright (c) 1998-2015 Muthen & Muthen
