Mplus VERSION 6.1
MUTHEN & MUTHEN
05/10/2011   2:13 PM

INPUT INSTRUCTIONS

  TITLE:        Constructing CIs on the mediating effect with two intermediate
  !                mediators

  DATA:                FILE IS intermediate.dat;
  VARIABLE:        NAMES X M1 M2 Y;        ! M1: first mediator, M2: second mediator
                  USEVARIABLES ARE ALL;

  ANALYSIS: BOOTSTRAP = 2000;

  MODEL:                        ! Model being analyzed: X -> M1 -> M2 -> Y
                          !                        X -------------> Y
                          !                             M1 -------> Y
          Y ON M2* (p1);        ! Path M2 -> Y
          Y ON M1* X*;        ! Include direct effects from X and M1 to Y
          Y*;

          M2 ON M1* (p2);        ! Path M1 -> M2
          M2 ON X*;        ! Include direct effect from X to M2
          M2*;

          M1 ON X* (p3);        ! Path X -> M1
          M1*;

          [X*];
          X*;

  MODEL CONSTRAINT:
          NEW(ind_effect);
          ind_effect = p1*p2*p3;

  OUTPUT: CINTERVAL(bcbootstrap);        ! Symmetric Wald CI: CINTERVAL(symmetric);
                                  ! Percentile bootstrap CI: CINTERVAL(bootstrap);
                                  ! BC bootstrap CI: CINTERVAL(bcbootstrap);





INPUT READING TERMINATED NORMALLY



Constructing CIs on the mediating effect with two intermediate

SUMMARY OF ANALYSIS

Number of groups                                                 1
Number of observations                                         100

Number of dependent variables                                    3
Number of independent variables                                  1
Number of continuous latent variables                            0

Observed dependent variables

  Continuous
   M1          M2          Y

Observed independent variables
   X


Estimator                                                       ML
Information matrix                                        OBSERVED
Maximum number of iterations                                  1000
Convergence criterion                                    0.500D-04
Maximum number of steepest descent iterations                   20
Number of bootstrap draws
    Requested                                                 2000
    Completed                                                 2000

Input data file(s)
  intermediate.dat

Input data format  FREE



THE MODEL ESTIMATION TERMINATED NORMALLY



MODEL FIT INFORMATION

Number of Free Parameters                       14

Loglikelihood

          H0 Value                       -1039.564
          H1 Value                       -1039.564

Information Criteria

          Akaike (AIC)                    2107.127
          Bayesian (BIC)                  2143.599
          Sample-Size Adjusted BIC        2099.384
            (n* = (n + 2) / 24)

Chi-Square Test of Model Fit

          Value                              0.000
          Degrees of Freedom                     0
          P-Value                           0.0000

RMSEA (Root Mean Square Error Of Approximation)

          Estimate                           0.000
          90 Percent C.I.                    0.000  0.000
          Probability RMSEA <= .05           0.000

CFI/TLI

          CFI                                1.000
          TLI                                1.000

Chi-Square Test of Model Fit for the Baseline Model

          Value                            110.378
          Degrees of Freedom                     6
          P-Value                           0.0000

SRMR (Standardized Root Mean Square Residual)

          Value                              0.000



MODEL RESULTS

                                                    Two-Tailed
                    Estimate       S.E.  Est./S.E.    P-Value

 Y        ON
    M2                 0.361      0.123      2.922      0.003
    M1                -0.115      0.123     -0.929      0.353
    X                  0.074      0.136      0.541      0.589

 M2       ON
    M1                 0.693      0.082      8.424      0.000
    X                 -0.076      0.104     -0.728      0.467

 M1       ON
    X                  0.703      0.100      7.051      0.000

 Means
    X                  0.057      0.326      0.174      0.862

 Intercepts
    M1                -0.296      0.331     -0.893      0.372
    M2                -0.360      0.299     -1.204      0.229
    Y                 -0.496      0.360     -1.378      0.168

 Variances
    X                 10.791      1.510      7.146      0.000

 Residual Variances
    M1                11.030      1.361      8.106      0.000
    M2                 9.029      1.333      6.771      0.000
    Y                 11.705      2.001      5.851      0.000

 New/Additional Parameters
    IND_EFFE           0.176      0.066      2.660      0.008


CONFIDENCE INTERVALS OF MODEL RESULTS

                  Lower .5%  Lower 2.5%    Lower 5%    Estimate    Upper 5%  Upper 2.5%   Upper .5%

 Y        ON
    M2               0.027       0.111       0.154       0.361       0.560       0.596       0.648
    M1              -0.428      -0.349      -0.310      -0.115       0.089       0.139       0.217
    X               -0.264      -0.175      -0.135       0.074       0.318       0.366       0.429

 M2       ON
    M1               0.471       0.537       0.562       0.693       0.830       0.856       0.897
    X               -0.345      -0.288      -0.252      -0.076       0.090       0.122       0.183

 M1       ON
    X                0.459       0.511       0.544       0.703       0.872       0.896       0.949

 Means
    X               -0.779      -0.602      -0.514       0.057       0.592       0.662       0.877

 Intercepts
    M1              -1.125      -0.942      -0.831      -0.296       0.234       0.354       0.544
    M2              -1.153      -0.972      -0.859      -0.360       0.136       0.235       0.410
    Y               -1.469      -1.236      -1.089      -0.496       0.095       0.198       0.404

 Variances
    X                7.393       8.227       8.651      10.791      13.643      14.204      15.498

 Residual Variances
    M1               8.016       8.754       9.124      11.030      13.692      14.210      15.025
    M2               6.250       6.869       7.202       9.029      11.878      12.400      13.466
    Y                7.650       8.548       9.055      11.705      15.948      16.916      18.660

 New/Additional Parameters
    IND_EFFE         0.023       0.065       0.083       0.176       0.304       0.325       0.362


     Beginning Time:  14:13:37
        Ending Time:  14:13:40
       Elapsed Time:  00:00:03



MUTHEN & MUTHEN
3463 Stoner Ave.
Los Angeles, CA  90066

Tel: (310) 391-9971
Fax: (310) 391-8971
Web: www.StatModel.com
Support: Support@StatModel.com

Copyright (c) 1998-2010 Muthen & Muthen
