  
  ** Mx startup successful **
  
  **MX-PC 1.61i** Job started on 09/01/06 at 15:10:05
 
 
 The following MX script lines were read for group    1
 
 #NGROUPS 1
  Note: #NGroup set number of groups to 1
  
 MX: CONSTRUCTING CIS ON THE DIFFERENCE OF THE MEDIATING EFFECTS WITH TWO SPECIFIC MEDIATORS
 DATA NINPUT=4
 RECTANGULAR FILE= SPECIFIC.DAT
  Rectangular continuous data read initiated
  MAXRSZ= 1000
  
  NOTE: Rectangular file contained   100 records with data
        that contained a total of    400 observations
  
 LABELS X M1 M2 Y
 ! The model being analyzed: 	X -> M1 -> Y
 ! 				X -------> Y
 ! 				X -> M2 -> Y
 BEGIN MATRICES;
 S SYMM 4 4
 A FULL 4 4
 M FULL 1 4  ! MEANS
 F IDEN 4 4  ! SELECTION MATRIX
 I IDEN 4 4  ! IDENTITY MATRIX
 T FULL 1 4  ! USED TO SELECT ELEMENTS FOR CONSTRAINT
 U FULL 1 4  ! USED TO SELECT ELEMENTS FOR CONSTRAINT
 V FULL 1 4  ! USED TO SELECT ELEMENTS FOR CONSTRAINT
 W FULL 1 4  ! USED TO SELECT ELEMENTS FOR CONSTRAINT
 END MATRICES;
 MATRIX S
 1
 0 1
 0 0 1
 0 0 0 1
 SPECIFY S
 1
 0 2
 0 0 3
 0 0 0 4
 LABEL ROW S
 X M1 M2 Y
 LABEL COL S
 X M1 M2 Y
 MATRIX A
 0 0 0 0
 0.5 0 0 0
 0.5 0 0 0
 0 0.5 0.5 0
 SPECIFY A
 0 0 0 0
 5 0 0 0
 6 0 0 0
 7 8 9 0
 LABEL ROW A
 X M1 M2 Y
 LABEL COL A
 X M1 M2 Y
 MATRIX M
 0
 0
 0
 0
 SPECIFY M
 10
 11
 12
 13
 ! Elements for calculating indirect effect
 MATRIX T 2 1 2 1  ! X -> M1, A(2,1)
 MATRIX U 4 2 4 2  ! M1 -> Y, A(4,2)
 MATRIX V 3 1 3 1  ! X -> M2, A(3,1)
 MATRIX W 4 3 4 3  ! M2 -> Y, A(4,3)
 BEGIN ALGEBRA;
  J = \PART(A, T); ! SELECT THE REQUIRED ELEMENT
  K = \PART(A, U); ! SELECT THE REQUIRED ELEMENT
  L = \PART(A, V); ! SELECT THE REQUIRED ELEMENT
  N = \PART(A, W); ! SELECT THE REQUIRED ELEMENT
  D = J*K+L*N; ! D: SUM OF THE TWO SPECIFIC MEDIATING EFFECTS
  Z = J*K-L*N; ! Z: DIFF BETWEEN TWO SPECIFIC MEDIATING EFFECTS
 END ALGEBRA;
 MEANS M;
 COVARIANCE  F & ((I - A)~ & S);
 INTERVAL D 1 1  ! CI ON THE SUM OF TWO SPECIFIC INDIRECT EFFECTS
 INTERVAL Z 1 1  ! CI ON THE DIFF. OF TWO SPECIFIC INDIRECT EFFECTS
 END
  
  
  Summary of VL file data for group  1
  
                    X         M1         M2          Y
     Code      1.0000     2.0000     3.0000     4.0000
   Number    100.0000   100.0000   100.0000   100.0000
     Mean      0.0568    -0.2562    -0.3853    -0.7073
 Variance     10.7902    16.3619    12.8248    17.9851
  Minimum     -9.7762   -10.2838    -9.3455   -17.7335
  Maximum      7.0444     7.3982     9.3713     8.1431
  
  
  PARAMETER SPECIFICATIONS
  
  GROUP NUMBER: 1
  
Mx: Constructing CIs on the difference of the mediating effects with two specific mediators                                     
  
  MATRIX A
 This is a FULL matrix of order    4 by    4
           X      M1      M2       Y
  X       0       0       0       0
 M1       5       0       0       0
 M2       6       0       0       0
  Y       7       8       9       0
  
  MATRIX D
 This is a computed FULL matrix of order    1 by    1
  It has no free parameters specified
  
  MATRIX F
 This is an IDENTITY matrix of order    4 by    4
  
  MATRIX I
 This is an IDENTITY matrix of order    4 by    4
  
  MATRIX J
 This is a computed FULL matrix of order    1 by    1
  It has no free parameters specified
  
  MATRIX K
 This is a computed FULL matrix of order    1 by    1
  It has no free parameters specified
  
  MATRIX L
 This is a computed FULL matrix of order    1 by    1
  It has no free parameters specified
  
  MATRIX M
 This is a FULL matrix of order    1 by    4
     1  2  3  4
 1  10 11 12 13
  
  MATRIX N
 This is a computed FULL matrix of order    1 by    1
  It has no free parameters specified
  
  MATRIX S
 This is a SYMMETRIC matrix of order    4 by    4
           X      M1      M2       Y
  X       1
 M1       0       2
 M2       0       0       3
  Y       0       0       0       4
  
  MATRIX T
 This is a FULL matrix of order    1 by    4
  It has no free parameters specified
  
  MATRIX U
 This is a FULL matrix of order    1 by    4
  It has no free parameters specified
  
  MATRIX V
 This is a FULL matrix of order    1 by    4
  It has no free parameters specified
  
  MATRIX W
 This is a FULL matrix of order    1 by    4
  It has no free parameters specified
  
  MATRIX Z
 This is a computed FULL matrix of order    1 by    1
  It has no free parameters specified
  
  Mx starting optimization; number of parameters =  13
  
  
  MX PARAMETER ESTIMATES
  
  GROUP NUMBER: 1
  
Mx: Constructing CIs on the difference of the mediating effects with two specific mediators                                     
  
  MATRIX A
 This is a FULL matrix of order    4 by    4
           X      M1      M2       Y
  X   0.0000  0.0000  0.0000  0.0000
 M1   0.7030  0.0000  0.0000  0.0000
 M2   0.5600  0.0000  0.0000  0.0000
  Y   0.1432  0.3155  0.3606  0.0000
  
  MATRIX D
 This is a computed FULL matrix of order    1 by    1
  [=J*K+L*N]
          1
 1   0.4237
  
  MATRIX F
 This is an IDENTITY matrix of order    4 by    4
  
  MATRIX I
 This is an IDENTITY matrix of order    4 by    4
  
  MATRIX J
 This is a computed FULL matrix of order    1 by    1
  [=\PART(A,T)]
          1
 1   0.7030
  
  MATRIX K
 This is a computed FULL matrix of order    1 by    1
  [=\PART(A,U)]
          1
 1   0.3155
  
  MATRIX L
 This is a computed FULL matrix of order    1 by    1
  [=\PART(A,V)]
          1
 1   0.5600
  
  MATRIX M
 This is a FULL matrix of order    1 by    4
          1       2       3       4
 1   0.0568 -0.2562 -0.3853 -0.7073
  
  MATRIX N
 This is a computed FULL matrix of order    1 by    1
  [=\PART(A,W)]
          1
 1   0.3606
  
  MATRIX S
 This is a SYMMETRIC matrix of order    4 by    4
              X         M1         M2          Y
  X     10.7900
 M1      0.0000    11.0302
 M2      0.0000     0.0000     9.4414
  Y      0.0000     0.0000     0.0000    11.7058
  
  MATRIX T
 This is a FULL matrix of order    1 by    4
             1          2          3          4
 1      2.0000     1.0000     2.0000     1.0000
  
  MATRIX U
 This is a FULL matrix of order    1 by    4
             1          2          3          4
 1      4.0000     2.0000     4.0000     2.0000
  
  MATRIX V
 This is a FULL matrix of order    1 by    4
             1          2          3          4
 1      3.0000     1.0000     3.0000     1.0000
  
  MATRIX W
 This is a FULL matrix of order    1 by    4
             1          2          3          4
 1      4.0000     3.0000     4.0000     3.0000
  
  MATRIX Z
 This is a computed FULL matrix of order    1 by    1
  [=J*K-L*N]
          1
 1   0.0199
  
 Your model has   13 estimated parameters and    400 Observed statistics
  
 -2 times log-likelihood of data >>>  2083.594
 Degrees of freedom >>>>>>>>>>>>>>>>       387
 Akaike's Information Criterion >>>>  1309.594
 Bayesian Information Criterion >>>>   150.696
 Sample size Adjusted BIC       >>>>   761.818
 Deviance Information Criterion >>>>   506.326
  
  
 2  Confidence intervals requested in group  1
  
  Matrix Element Int.      Estimate         Lower         Upper  Lfail Ufail
  
  
  D   1   1   1  95.0         0.4237        0.2423        0.6345 0 1   0 1
  
  Z   1   1   1  95.0         0.0199       -0.2152        0.2556 0 0   0 1
  
 This problem used  0.2% of my workspace
  
 Task                     Time elapsed (DD:HH:MM:SS)
 Reading script & data      0: 0: 0: 0.04
 Execution                  0: 0: 0: 1.60
 TOTAL                      0: 0: 0: 1.64
  
 Total number of warnings issued: 0
 ______________________________________________________________________________
 ______________________________________________________________________________
