Mplus VERSION 6.1
MUTHEN & MUTHEN
05/10/2011   2:13 PM

INPUT INSTRUCTIONS

  TITLE:        Constructing CIs on the mediating effects with two specific mediators

  DATA:                FILE IS specific.dat;
  VARIABLE:        NAMES X M1 M2 Y;        ! M1: first specific mediator
                                          ! M2: second specific mediator
                  USEVARIABLES ARE ALL;

  ANALYSIS: BOOTSTRAP = 2000;

  MODEL:                                ! Model being analyzed:        X -> M1 -> Y
                                  !                        X -------> Y
                                  !                        X -> M2 -> Y
          Y ON M1* (p2);        ! M1 -> Y
          Y ON M2* (p4);        ! M2 -> Y
          Y ON X*;                ! Include direct effect in the analysis
          Y*;

          M2 ON X* (p3);        ! X -> M2
          M2*;                        ! Error variance of M2

          M1 ON X* (p1);        ! X -> M1
          M1*;                        ! Error variance of M1

          [X*];
          X*;

  MODEL CONSTRAINT:
          NEW(ind_effect);
          ind_effect = p1*p2-p3*p4;

  OUTPUT: CINTERVAL(bcbootstrap);        ! Symmetric Wald CI: CINTERVAL(symmetric);
                                  ! Percentile bootstrap CI: CINTERVAL(bootstrap);
                                  ! BC bootstrap CI: CINTERVAL(bcbootstrap);




INPUT READING TERMINATED NORMALLY



Constructing CIs on the mediating effects with two specific mediators

SUMMARY OF ANALYSIS

Number of groups                                                 1
Number of observations                                         100

Number of dependent variables                                    3
Number of independent variables                                  1
Number of continuous latent variables                            0

Observed dependent variables

  Continuous
   M1          M2          Y

Observed independent variables
   X


Estimator                                                       ML
Information matrix                                        OBSERVED
Maximum number of iterations                                  1000
Convergence criterion                                    0.500D-04
Maximum number of steepest descent iterations                   20
Number of bootstrap draws
    Requested                                                 2000
    Completed                                                 2000

Input data file(s)
  specific.dat

Input data format  FREE



THE MODEL ESTIMATION TERMINATED NORMALLY



MODEL FIT INFORMATION

Number of Free Parameters                       13

Loglikelihood

          H0 Value                       -1041.797
          H1 Value                       -1039.563

Information Criteria

          Akaike (AIC)                    2109.594
          Bayesian (BIC)                  2143.461
          Sample-Size Adjusted BIC        2102.404
            (n* = (n + 2) / 24)

Chi-Square Test of Model Fit

          Value                              4.467
          Degrees of Freedom                     1
          P-Value                           0.0346

RMSEA (Root Mean Square Error Of Approximation)

          Estimate                           0.186
          90 Percent C.I.                    0.041  0.376
          Probability RMSEA <= .05           0.058

CFI/TLI

          CFI                                0.969
          TLI                                0.813

Chi-Square Test of Model Fit for the Baseline Model

          Value                            117.476
          Degrees of Freedom                     6
          P-Value                           0.0000

SRMR (Standardized Root Mean Square Residual)

          Value                              0.043



MODEL RESULTS

                                                    Two-Tailed
                    Estimate       S.E.  Est./S.E.    P-Value

 Y        ON
    M1                 0.316      0.099      3.179      0.001
    M2                 0.361      0.123      2.922      0.003
    X                  0.143      0.161      0.889      0.374

 M2       ON
    X                  0.560      0.092      6.116      0.000

 M1       ON
    X                  0.703      0.100      7.051      0.000

 Means
    X                  0.057      0.326      0.174      0.862

 Intercepts
    M1                -0.296      0.331     -0.893      0.372
    M2                -0.417      0.304     -1.372      0.170
    Y                 -0.496      0.360     -1.378      0.168

 Variances
    X                 10.790      1.510      7.146      0.000

 Residual Variances
    M1                11.030      1.361      8.106      0.000
    M2                 9.441      1.374      6.872      0.000
    Y                 11.706      2.001      5.851      0.000

 New/Additional Parameters
    IND_EFFE           0.020      0.105      0.190      0.850


CONFIDENCE INTERVALS OF MODEL RESULTS

                  Lower .5%  Lower 2.5%    Lower 5%    Estimate    Upper 5%  Upper 2.5%   Upper .5%

 Y        ON
    M1               0.060       0.131       0.159       0.316       0.477       0.518       0.591
    M2               0.027       0.111       0.154       0.361       0.560       0.596       0.648
    X               -0.231      -0.141      -0.098       0.143       0.453       0.501       0.589

 M2       ON
    X                0.297       0.375       0.404       0.560       0.704       0.732       0.782

 M1       ON
    X                0.459       0.511       0.544       0.703       0.872       0.896       0.948

 Means
    X               -0.779      -0.602      -0.514       0.057       0.592       0.662       0.877

 Intercepts
    M1              -1.125      -0.942      -0.831      -0.296       0.234       0.354       0.544
    M2              -1.238      -1.028      -0.928      -0.417       0.082       0.181       0.374
    Y               -1.469      -1.236      -1.089      -0.496       0.095       0.198       0.404

 Variances
    X                7.394       8.227       8.651      10.790      13.643      14.203      15.497

 Residual Variances
    M1               8.016       8.754       9.124      11.030      13.692      14.210      15.025
    M2               6.497       7.141       7.588       9.441      12.282      12.811      13.717
    Y                7.650       8.548       9.055      11.706      15.946      16.917      18.659

 New/Additional Parameters
    IND_EFFE        -0.259      -0.197      -0.153       0.020       0.189       0.223       0.289


     Beginning Time:  14:13:40
        Ending Time:  14:13:43
       Elapsed Time:  00:00:03



MUTHEN & MUTHEN
3463 Stoner Ave.
Los Angeles, CA  90066

Tel: (310) 391-9971
Fax: (310) 391-8971
Web: www.StatModel.com
Support: Support@StatModel.com

Copyright (c) 1998-2010 Muthen & Muthen
